Build started 4/24/2018 11:56:39 PM.
     1>Project "F:\Visual Studio 2013\Projects\do an\do an\do an.vcxproj" on node 2 (Build target(s)).
     1>ClCompile:
         C:\Program Files (x86)\Microsoft Visual Studio 12.0\VC\bin\CL.exe /c /ZI /nologo /W3 /WX- /Od /Oy- /D WIN32 /D _DEBUG /D _CONSOLE /D _LIB /D _UNICODE /D UNICODE /Gm /EHsc /RTC1 /MDd /GS /fp:precise /Zc:wchar_t /Zc:forScope /Fo"Debug\\" /Fd"Debug\vc120.pdb" /Gd /TP /analyze- /errorReport:prompt Source.cpp
         Source.cpp
     1>f:\visual studio 2013\projects\do an\do an\source.cpp(24): error C2065: 'sv' : undeclared identifier
     1>f:\visual studio 2013\projects\do an\do an\source.cpp(24): error C2227: left of '->MSSV' must point to class/struct/union/generic type
                 type is 'unknown-type'
     1>f:\visual studio 2013\projects\do an\do an\source.cpp(24): error C2660: 'wcscpy' : function does not take 1 arguments
     1>f:\visual studio 2013\projects\do an\do an\source.cpp(33): error C2065: 'sv' : undeclared identifier
     1>f:\visual studio 2013\projects\do an\do an\source.cpp(33): error C2227: left of '->MSSV' must point to class/struct/union/generic type
                 type is 'unknown-type'
     1>f:\visual studio 2013\projects\do an\do an\source.cpp(50): error C2065: 'sv' : undeclared identifier
     1>f:\visual studio 2013\projects\do an\do an\source.cpp(50): error C2227: left of '->Ten' must point to class/struct/union/generic type
                 type is 'unknown-type'
     1>f:\visual studio 2013\projects\do an\do an\source.cpp(50): error C2227: left of '->MSSV' must point to class/struct/union/generic type
                 type is 'unknown-type'
     1>f:\visual studio 2013\projects\do an\do an\source.cpp(60): error C2065: 'sv' : undeclared identifier
     1>f:\visual studio 2013\projects\do an\do an\source.cpp(60): error C2227: left of '->Hinhanh' must point to class/struct/union/generic type
                 type is 'unknown-type'
     1>f:\visual studio 2013\projects\do an\do an\source.cpp(73): error C2065: 'sv' : undeclared identifier
     1>f:\visual studio 2013\projects\do an\do an\source.cpp(73): error C2227: left of '->Ten' must point to class/struct/union/generic type
                 type is 'unknown-type'
     1>f:\visual studio 2013\projects\do an\do an\source.cpp(74): error C2065: 'sv' : undeclared identifier
     1>f:\visual studio 2013\projects\do an\do an\source.cpp(74): error C2227: left of '->MSSV' must point to class/struct/union/generic type
                 type is 'unknown-type'
     1>f:\visual studio 2013\projects\do an\do an\source.cpp(75): error C2065: 'sv' : undeclared identifier
     1>f:\visual studio 2013\projects\do an\do an\source.cpp(75): error C2227: left of '->Khoa' must point to class/struct/union/generic type
                 type is 'unknown-type'
     1>f:\visual studio 2013\projects\do an\do an\source.cpp(76): error C2065: 'sv' : undeclared identifier
     1>f:\visual studio 2013\projects\do an\do an\source.cpp(76): error C2227: left of '->Nam' must point to class/struct/union/generic type
                 type is 'unknown-type'
     1>f:\visual studio 2013\projects\do an\do an\source.cpp(82): error C2065: 'sv' : undeclared identifier
     1>f:\visual studio 2013\projects\do an\do an\source.cpp(82): error C2227: left of '->Sothich1' must point to class/struct/union/generic type
                 type is 'unknown-type'
     1>f:\visual studio 2013\projects\do an\do an\source.cpp(83): error C2065: 'sv' : undeclared identifier
     1>f:\visual studio 2013\projects\do an\do an\source.cpp(83): error C2227: left of '->Sothich2' must point to class/struct/union/generic type
                 type is 'unknown-type'
     1>f:\visual studio 2013\projects\do an\do an\source.cpp(88): error C2065: 'sv' : undeclared identifier
     1>f:\visual studio 2013\projects\do an\do an\source.cpp(88): error C2227: left of '->Motabanthan' must point to class/struct/union/generic type
                 type is 'unknown-type'
     1>f:\visual studio 2013\projects\do an\do an\source.cpp(114): error C2065: 'sv' : undeclared identifier
     1>Done Building Project "F:\Visual Studio 2013\Projects\do an\do an\do an.vcxproj" (Build target(s)) -- FAILED.

Build FAILED.

Time Elapsed 00:00:03.28
